


ARM Macro Assembler    Page 1 


    1 00000000                 AREA             binary , CODE , READONLY
    2 00000000         
    3 00000000 E3A00101        LDR              r0,= 0x40000000 ;
    4 00000004 E3A0D000        MOV              r13,#0x00   ;
    5 00000008 E5D01000        LDRB             r1,[r0]     ;
    6 0000000C E5F02001        LDRB             r2,[r0,#0x01]! ;
    7 00000010 E3A03001        MOV              r3 ,#0x01   ;
    8 00000014 E1A04001        MOV              r4,r1       ;
    9 00000018         
   10 00000018 E1530004 
                       rep     CMP              r3,r4
   11 0000001C CA00000A        BGT              exit
   12 00000020 E0835004        ADD              r5,r3,r4
   13 00000024 E1A050A5        LSR              r5,#0x01
   14 00000028 E7D07005        LDRB             r7,[r0,r5]
   15 0000002C E1570002        CMP              r7,r2
   16 00000030 AA000001        BGE              HE
   17 00000034 E2853001        ADD              r3,r5,#0x01 ;
   18 00000038 EAFFFFF6        B                rep
   19 0000003C         
   20 0000003C 0A000001 
                       HE      BEQ              found
   21 00000040 E2454001        SUB              r4,r5,#0x01
   22 00000044 EAFFFFF3        B                rep
   23 00000048         
   24 00000048 E3A0D011 
                       found   MOV              r13,#0x11
   25 0000004C         exit
   26 0000004C EAFFFFFE 
                       L       B                L
   27 00000050                 END
Command Line: --debug --xref --apcs=interwork --depend=.\ex3.d -o.\ex3.o -IC:\K
eil\ARM\RV31\INC -IC:\Keil\ARM\CMSIS\Include -IC:\Keil\ARM\Inc\Philips --predef
ine="__EVAL SETA 1" --list=.\ex3.lst ex3.asm



ARM Macro Assembler    Page 1 Alphabetic symbol ordering
Relocatable symbols

HE 0000003C

Symbol: HE
   Definitions
      At line 20 in file ex3.asm
   Uses
      At line 16 in file ex3.asm
Comment: HE used once
L 0000004C

Symbol: L
   Definitions
      At line 26 in file ex3.asm
   Uses
      At line 26 in file ex3.asm
Comment: L used once
binary 00000000

Symbol: binary
   Definitions
      At line 1 in file ex3.asm
   Uses
      None
Comment: binary unused
exit 0000004C

Symbol: exit
   Definitions
      At line 25 in file ex3.asm
   Uses
      At line 11 in file ex3.asm
Comment: exit used once
found 00000048

Symbol: found
   Definitions
      At line 24 in file ex3.asm
   Uses
      At line 20 in file ex3.asm
Comment: found used once
rep 00000018

Symbol: rep
   Definitions
      At line 10 in file ex3.asm
   Uses
      At line 18 in file ex3.asm
      At line 22 in file ex3.asm

6 symbols
337 symbols in table
