


ARM Macro Assembler    Page 1 


    1 00000000                 AREA             bubble , CODE , READONLY ;
    2 00000000 E3A00101        LDR              r0,=0x40000000
    3 00000004 E5901000        LDR              r1 , [r0]   ; No. of Elements
    4 00000008         
    5 00000008         Outer
    6 00000008 E1A02001 
                       l       MOV              r2 ,r1      ; Inner looping  va
                                                            riable 
    7 0000000C E3A00111        LDR              r0,=0x40000004
    8 00000010         Inner
    9 00000010 E5904000        LDR              r4,[r0]
   10 00000014 E5B05004        LDR              r5,[r0,#4]!
   11 00000018 E1540005        CMP              r4,r5
   12 0000001C DA000001        BLE              Continue
   13 00000020 E5804000        STR              r4,[r0]
   14 00000024 E5005004        STR              r5,[r0,#-0x04]
   15 00000028         Continue
   16 00000028 E2522001        SUBS             r2,r2,#1
   17 0000002C 1AFFFFF7        BNE              Inner
   18 00000030 E2511001        SUBS             r1,r1,#1
   19 00000034 1AFFFFF3        BNE              Outer
   20 00000038 EAFFFFF2        B                l
   21 0000003C                 END
Command Line: --debug --xref --apcs=interwork --depend=.\ex6.d -o.\ex6.o -IC:\K
eil\ARM\RV31\INC -IC:\Keil\ARM\CMSIS\Include -IC:\Keil\ARM\Inc\Philips --predef
ine="__EVAL SETA 1" --list=.\ex6.lst ex6.asm



ARM Macro Assembler    Page 1 Alphabetic symbol ordering
Relocatable symbols

Continue 00000028

Symbol: Continue
   Definitions
      At line 15 in file ex6.asm
   Uses
      At line 12 in file ex6.asm
Comment: Continue used once
Inner 00000010

Symbol: Inner
   Definitions
      At line 8 in file ex6.asm
   Uses
      At line 17 in file ex6.asm
Comment: Inner used once
Outer 00000008

Symbol: Outer
   Definitions
      At line 5 in file ex6.asm
   Uses
      At line 19 in file ex6.asm
Comment: Outer used once
bubble 00000000

Symbol: bubble
   Definitions
      At line 1 in file ex6.asm
   Uses
      None
Comment: bubble unused
l 00000008

Symbol: l
   Definitions
      At line 6 in file ex6.asm
   Uses
      At line 20 in file ex6.asm
Comment: l used once
5 symbols
336 symbols in table
