


ARM Macro Assembler    Page 1 


    1 00000000                 AREA             factstack , CODE , READONLY
    2 00000000 E3A00101        LDR              r0,=0x40000000
    3 00000004 E5901000        LDR              r1,[r0]
    4 00000008 E3A02001        MOV              r2,#1
    5 0000000C EB000001        bl               lpush
    6 00000010 E5802000        STR              r2,[r0]
    7 00000014 EAFFFFFE 
                       l       b                l
    8 00000018         lpush
    9 00000018 E24DD008        SUB              sp,sp,#8
   10 0000001C E58DE004        STR              lr,[sp,#4]
   11 00000020 E58D1000        STR              r1,[sp]
   12 00000024 E3510001        CMP              r1,#1
   13 00000028 CA000000        bgt              loop
   14 0000002C EA000001        b                lpop
   15 00000030         loop
   16 00000030 E2411001        SUB              r1,r1,#1
   17 00000034 EBFFFFF7        bl               lpush
   18 00000038         lpop
   19 00000038 E59D1000        LDR              r1,[sp]
   20 0000003C E59DE004        LDR              lr,[sp,#4]
   21 00000040 E28DD008        ADD              sp,sp,#8
   22 00000044 E3510000        CMP              r1,#0
   23 00000048 E0020291        MUL              r2,r1,r2
   24 0000004C E1A0F00E        MOV              pc,lr
   25 00000050                 END
Command Line: --debug --xref --apcs=interwork --depend=.\ex7.d -o.\ex7.o -IC:\K
eil\ARM\RV31\INC -IC:\Keil\ARM\CMSIS\Include -IC:\Keil\ARM\Inc\Philips --predef
ine="__EVAL SETA 1" --list=.\ex7.lst ex7.asm



ARM Macro Assembler    Page 1 Alphabetic symbol ordering
Relocatable symbols

factstack 00000000

Symbol: factstack
   Definitions
      At line 1 in file ex7.asm
   Uses
      None
Comment: factstack unused
l 00000014

Symbol: l
   Definitions
      At line 7 in file ex7.asm
   Uses
      At line 7 in file ex7.asm
Comment: l used once
loop 00000030

Symbol: loop
   Definitions
      At line 15 in file ex7.asm
   Uses
      At line 13 in file ex7.asm
Comment: loop used once
lpop 00000038

Symbol: lpop
   Definitions
      At line 18 in file ex7.asm
   Uses
      At line 14 in file ex7.asm
Comment: lpop used once
lpush 00000018

Symbol: lpush
   Definitions
      At line 8 in file ex7.asm
   Uses
      At line 5 in file ex7.asm
      At line 17 in file ex7.asm

5 symbols
336 symbols in table
